-------------------------------------------------------------------------------
Test set: frameworkone.base.test.TestLogin
-------------------------------------------------------------------------------
Tests run: 1, Failures: 1, Errors: 0, Skipped: 0, Time elapsed: 0.261 s <<< FAILURE! - in frameworkone.base.test.TestLogin
frameworkone.base.test.TestLogin.loginTest  Time elapsed: 0.004 s  <<< FAILURE!
java.lang.NullPointerException: Cannot invoke "org.openqa.selenium.WebDriver.get(String)" because "this.driver" is null
	at frameworkone.base.test.TestLogin.loginTest(TestLogin.java:20)

